<?xml version="1.0" encoding="UTF-8"?>
<!-- Generated by org.testng.reporters.JUnitReportReporter -->
<testsuite skipped="0" hostname="BL084-Sathish" name="test.attest360.testCases.Verification" tests="3" failures="0" timestamp="24 Nov 2022 09:53:16 GMT" time="94.809" errors="0">
  <testcase name="loginAsVerifier" time="1.652" classname="test.attest360.testCases.Verification"/>
  <testcase name="caseSearch" time="10.060" classname="test.attest360.testCases.Verification"/>
  <testcase name="verifierapproval" time="83.097" classname="test.attest360.testCases.Verification"/>
</testsuite> <!-- test.attest360.testCases.Verification -->
