<?xml version="1.0" encoding="UTF-8"?>
<!-- Generated by org.testng.reporters.JUnitReportReporter -->
<testsuite skipped="0" hostname="BL084-Sathish" name="test.attest360.testCases.QADecision" tests="2" failures="0" timestamp="25 Nov 2022 09:00:57 GMT" time="32.695" errors="0">
  <testcase name="loginAsVerifier" time="2.564" classname="test.attest360.testCases.QADecision"/>
  <testcase name="DecisionTacking" time="30.131" classname="test.attest360.testCases.QADecision"/>
</testsuite> <!-- test.attest360.testCases.QADecision -->
