<?xml version="1.0" encoding="UTF-8"?>
<!-- Generated by org.testng.reporters.JUnitReportReporter -->
<testsuite skipped="0" hostname="BL084-Sathish" name="test.attest360.testCases.DataEntry" tests="13" failures="0" timestamp="23 Nov 2022 12:19:24 GMT" time="86.775" errors="0">
  <testcase name="critirionDataEntryLogin" time="2.485" classname="test.attest360.testCases.DataEntry"/>
  <testcase name="select_customer" time="7.139" classname="test.attest360.testCases.DataEntry"/>
  <testcase name="enterBasicDetails" time="21.103" classname="test.attest360.testCases.DataEntry"/>
  <testcase name="fillDataAuthorization" time="5.334" classname="test.attest360.testCases.DataEntry"/>
  <testcase name="fillDataSetBasic" time="3.711" classname="test.attest360.testCases.DataEntry"/>
  <testcase name="fillDataSetEducation" time="12.097" classname="test.attest360.testCases.DataEntry"/>
  <testcase name="fillDataSetEmploymet" time="0.598" classname="test.attest360.testCases.DataEntry"/>
  <testcase name="fillDataSetAddress" time="5.081" classname="test.attest360.testCases.DataEntry"/>
  <testcase name="fillDataSetCriminalVerification" time="5.574" classname="test.attest360.testCases.DataEntry"/>
  <testcase name="fillDataIdentificationVerification" time="10.415" classname="test.attest360.testCases.DataEntry"/>
  <testcase name="logoutAsDataEntry" time="6.404" classname="test.attest360.testCases.DataEntry"/>
  <testcase name="critirionQaLogin" time="0.678" classname="test.attest360.testCases.DataEntry"/>
  <testcase name="runAutoDeligate" time="6.156" classname="test.attest360.testCases.DataEntry"/>
</testsuite> <!-- test.attest360.testCases.DataEntry -->
