<?xml version="1.0" encoding="UTF-8"?>
<!-- Generated by org.testng.reporters.JUnitReportReporter -->
<testsuite skipped="0" hostname="BL084-Sathish" name="test.attest360.testCases.Verification" tests="3" failures="0" timestamp="25 Nov 2022 09:00:57 GMT" time="70.916" errors="0">
  <testcase name="loginAsVerifier" time="1.668" classname="test.attest360.testCases.Verification"/>
  <testcase name="caseSearch" time="11.929" classname="test.attest360.testCases.Verification"/>
  <testcase name="verifierapproval" time="57.319" classname="test.attest360.testCases.Verification"/>
</testsuite> <!-- test.attest360.testCases.Verification -->
