<?xml version="1.0" encoding="UTF-8"?>
<!-- Generated by org.testng.reporters.JUnitReportReporter -->
<testsuite skipped="0" hostname="BL084-Sathish" name="test.attest360.testCases.QADecision" tests="2" failures="0" timestamp="23 Nov 2022 12:19:24 GMT" time="18.203" errors="0">
  <testcase name="loginAsVerifier" time="1.680" classname="test.attest360.testCases.QADecision"/>
  <testcase name="DecisionTacking" time="16.523" classname="test.attest360.testCases.QADecision"/>
</testsuite> <!-- test.attest360.testCases.QADecision -->
